#
# There is insufficient memory for the Java Runtime Environment to continue.
# Native memory allocation (mmap) failed to map 134217728 bytes for G1 virtual space
# Possible reasons:
#   The system is out of physical RAM or swap space
#   The process is running with CompressedOops enabled, and the Java Heap may be blocking the growth of the native heap
# Possible solutions:
#   Reduce memory load on the system
#   Increase physical memory or swap space
#   Check if swap backing store is full
#   Decrease Java heap size (-Xmx/-Xms)
#   Decrease number of Java threads
#   Decrease Java thread stack sizes (-Xss)
#   Set larger code cache with -XX:ReservedCodeCacheSize=
#   JVM is running with Unscaled Compressed Oops mode in which the Java heap is
#     placed in the first 4GB address space. The Java Heap base address is the
#     maximum limit for the native heap growth. Please use -XX:HeapBaseMinAddress
#     to set the Java Heap base and to place the Java Heap above 4GB virtual address.
# This output file may be truncated or incomplete.
#
#  Out of Memory Error (os_windows.cpp:3536), pid=21828, tid=21908
#
# JRE version:  (19.0.2+7) (build )
# Java VM: Java HotSpot(TM) 64-Bit Server VM (19.0.2+7-44, mixed mode, sharing, tiered, compressed oops, compressed class ptrs, g1 gc, windows-amd64)
# No core dump will be written. Minidumps are not enabled by default on client versions of Windows
#

---------------  S U M M A R Y ------------

Command Line: -Dfile.encoding=UTF-8 --module-path=F:\4rth Semester\Object Oriented Programming(CSE214)\Quiz Application\build\classes quiz.application.Login

Host: Intel(R) Core(TM) i3-10100F CPU @ 3.60GHz, 8 cores, 7G,  Windows 10 , 64 bit Build 19041 (10.0.19041.2913)
Time: Fri May 19 11:50:20 2023 Bangladesh Standard Time elapsed time: 0.010362 seconds (0d 0h 0m 0s)

---------------  T H R E A D  ---------------

Current thread (0x000000000068dff0):  JavaThread "Unknown thread" [_thread_in_vm, id=21908, stack(0x0000000002130000,0x0000000002230000)]

Stack: [0x0000000002130000,0x0000000002230000]
Native frames: (J=compiled Java code, j=interpreted, Vv=VM code, C=native code)
V  [jvm.dll+0x6ee21a]
V  [jvm.dll+0x85765e]
V  [jvm.dll+0x85904e]
V  [jvm.dll+0x859703]
V  [jvm.dll+0x28298f]
V  [jvm.dll+0x6eb009]
V  [jvm.dll+0x6dfbaa]
V  [jvm.dll+0x3573f6]
V  [jvm.dll+0x35ee56]
V  [jvm.dll+0x3b541e]
V  [jvm.dll+0x3b564f]
V  [jvm.dll+0x32c9ea]
V  [jvm.dll+0x32d89e]
V  [jvm.dll+0x821780]
V  [jvm.dll+0x3c2661]
V  [jvm.dll+0x801f51]
V  [jvm.dll+0x44ae8f]
V  [jvm.dll+0x44c811]
C  [jli.dll+0x5287]
C  [ucrtbase.dll+0x21bb2]
C  [KERNEL32.DLL+0x17614]
C  [ntdll.dll+0x526a1]


---------------  P R O C E S S  ---------------

Threads class SMR info:
_java_thread_list=0x00007ff8f332d048, length=0, elements={
}

Java Threads: ( => current thread )

Other Threads:
  0x0000000002ab9680 WorkerThread "GC Thread#0" [stack: 0x000000001e840000,0x000000001e940000] [id=21352]
  0x0000000002acb3a0 ConcurrentGCThread "G1 Main Marker" [stack: 0x000000001e940000,0x000000001ea40000] [id=21744]
  0x0000000002acc480 WorkerThread "G1 Conc#0" [stack: 0x000000001ea40000,0x000000001eb40000] [id=13108]

[error occurred during error reporting (printing all threads), id 0xc0000005, EXCEPTION_ACCESS_VIOLATION (0xc0000005) at pc=0x00007ff8f2aed427]

VM state: not at safepoint (not fully initialized)

VM Mutex/Monitor currently owned by a thread:  ([mutex/lock_event])
[0x000000000068a0b0] Heap_lock - owner thread: 0x000000000068dff0

Heap address: 0x0000000081800000, size: 2024 MB, Compressed Oops mode: 32-bit

CDS archive(s) mapped at: [0x0000000000000000-0x0000000000000000-0x0000000000000000), size 0, SharedBaseAddress: 0x0000000800000000, ArchiveRelocationMode: 0.
Narrow klass base: 0x0000000000000000, Narrow klass shift: 0, Narrow klass range: 0x0

GC Precious Log:
 CardTable entry size: 512
 Card Set container configuration: InlinePtr #cards 5 size 8 Array Of Cards #cards 12 size 40 Howl #buckets 4 coarsen threshold 1843 Howl Bitmap #cards 512 size 80 coarsen threshold 460 Card regions per heap region 1 cards per card region 2048

Heap:
 garbage-first heap   total 0K, used 0K [0x0000000081800000, 0x0000000100000000)
  region size 1024K, 0 young (0K), 0 survivors (0K)

[error occurred during error reporting (printing heap information), id 0xc0000005, EXCEPTION_ACCESS_VIOLATION (0xc0000005) at pc=0x00007ff8f2ef6649]

GC Heap History (0 events):
No events

Dll operation events (1 events):
Event: 0.004 Loaded shared library C:\Program Files\Java\jdk-19\bin\java.dll

Deoptimization events (0 events):
No events

Classes loaded (0 events):
No events

Classes unloaded (0 events):
No events

Classes redefined (0 events):
No events

Internal exceptions (0 events):
No events

VM Operations (0 events):
No events

Events (0 events):
No events


Dynamic libraries:
0x00007ff799990000 - 0x00007ff7999a0000 	C:\Program Files\Java\jdk-19\bin\java.exe
0x00007ff9777f0000 - 0x00007ff9779e8000 	C:\Windows\SYSTEM32\ntdll.dll
0x00007ff976db0000 - 0x00007ff976e6f000 	C:\Windows\System32\KERNEL32.DLL
0x00007ff975550000 - 0x00007ff975846000 	C:\Windows\System32\KERNELBASE.dll
0x00007ff975270000 - 0x00007ff975370000 	C:\Windows\System32\ucrtbase.dll
0x00007ff96a9f0000 - 0x00007ff96aa0b000 	C:\Program Files\Java\jdk-19\bin\VCRUNTIME140.dll
0x00007ff96e0c0000 - 0x00007ff96e0d8000 	C:\Program Files\Java\jdk-19\bin\jli.dll
0x00007ff9766d0000 - 0x00007ff97677f000 	C:\Windows\System32\ADVAPI32.dll
0x00007ff976bf0000 - 0x00007ff976c8e000 	C:\Windows\System32\msvcrt.dll
0x00007ff975860000 - 0x00007ff9758fc000 	C:\Windows\System32\sechost.dll
0x00007ff975a70000 - 0x00007ff975b96000 	C:\Windows\System32\RPCRT4.dll
0x00007ff9763c0000 - 0x00007ff97655d000 	C:\Windows\System32\USER32.dll
0x00007ff95a5f0000 - 0x00007ff95a88a000 	C:\Windows\WinSxS\amd64_microsoft.windows.common-controls_6595b64144ccf1df_6.0.19041.1110_none_60b5254171f9507e\COMCTL32.dll
0x00007ff974f20000 - 0x00007ff974f42000 	C:\Windows\System32\win32u.dll
0x00007ff976e70000 - 0x00007ff976e9c000 	C:\Windows\System32\GDI32.dll
0x00007ff9750e0000 - 0x00007ff9751f5000 	C:\Windows\System32\gdi32full.dll
0x00007ff9754b0000 - 0x00007ff97554d000 	C:\Windows\System32\msvcp_win.dll
0x00007ff96fdf0000 - 0x00007ff96fdfa000 	C:\Windows\SYSTEM32\VERSION.dll
0x00007ff9766a0000 - 0x00007ff9766d0000 	C:\Windows\System32\IMM32.DLL
0x00007ff968200000 - 0x00007ff96820c000 	C:\Program Files\Java\jdk-19\bin\vcruntime140_1.dll
0x00007ff9441f0000 - 0x00007ff94427e000 	C:\Program Files\Java\jdk-19\bin\msvcp140.dll
0x00007ff8f27b0000 - 0x00007ff8f3470000 	C:\Program Files\Java\jdk-19\bin\server\jvm.dll
0x00007ff96e090000 - 0x00007ff96e099000 	C:\Windows\SYSTEM32\WSOCK32.dll
0x00007ff96a560000 - 0x00007ff96a587000 	C:\Windows\SYSTEM32\WINMM.dll
0x00007ff977740000 - 0x00007ff9777ab000 	C:\Windows\System32\WS2_32.dll
0x00007ff972db0000 - 0x00007ff972dc2000 	C:\Windows\SYSTEM32\kernel.appcore.dll
0x00007ff967d40000 - 0x00007ff967d4a000 	C:\Program Files\Java\jdk-19\bin\jimage.dll
0x00007ff96c940000 - 0x00007ff96cb24000 	C:\Windows\SYSTEM32\DBGHELP.DLL
0x00007ff96e020000 - 0x00007ff96e054000 	C:\Windows\SYSTEM32\dbgcore.DLL
0x00007ff975370000 - 0x00007ff9753f2000 	C:\Windows\System32\bcryptPrimitives.dll
0x00007ff962410000 - 0x00007ff962436000 	C:\Program Files\Java\jdk-19\bin\java.dll

dbghelp: loaded successfully - version: 4.0.5 - missing functions: none
symbol engine: initialized successfully - sym options: 0x614 - pdb path: .;C:\Program Files\Java\jdk-19\bin;C:\Windows\SYSTEM32;C:\Windows\WinSxS\amd64_microsoft.windows.common-controls_6595b64144ccf1df_6.0.19041.1110_none_60b5254171f9507e;C:\Program Files\Java\jdk-19\bin\server

VM Arguments:
jvm_args: -Dfile.encoding=UTF-8 --module-path=F:\4rth Semester\Object Oriented Programming(CSE214)\Quiz Application\build\classes 
java_command: quiz.application.Login
java_class_path (initial): F:\4rth Semester\Object Oriented Programming(CSE214)\Quiz Application\build\classes
Launcher Type: SUN_STANDARD

[Global flags]
     intx CICompilerCount                          = 4                                         {product} {ergonomic}
     uint ConcGCThreads                            = 2                                         {product} {ergonomic}
     uint G1ConcRefinementThreads                  = 8                                         {product} {ergonomic}
   size_t G1HeapRegionSize                         = 1048576                                   {product} {ergonomic}
    uintx GCDrainStackTargetSize                   = 64                                        {product} {ergonomic}
   size_t InitialHeapSize                          = 134217728                                 {product} {ergonomic}
   size_t MarkStackSize                            = 4194304                                   {product} {ergonomic}
   size_t MaxHeapSize                              = 2122317824                                {product} {ergonomic}
   size_t MinHeapDeltaBytes                        = 1048576                                   {product} {ergonomic}
   size_t MinHeapSize                              = 8388608                                   {product} {ergonomic}
    uintx NonNMethodCodeHeapSize                   = 5839372                                {pd product} {ergonomic}
    uintx NonProfiledCodeHeapSize                  = 122909434                              {pd product} {ergonomic}
    uintx ProfiledCodeHeapSize                     = 122909434                              {pd product} {ergonomic}
    uintx ReservedCodeCacheSize                    = 251658240                              {pd product} {ergonomic}
     bool SegmentedCodeCache                       = true                                      {product} {ergonomic}
   size_t SoftMaxHeapSize                          = 2122317824                             {manageable} {ergonomic}
     bool UseCompressedClassPointers               = true                           {product lp64_product} {ergonomic}
     bool UseCompressedOops                        = true                           {product lp64_product} {ergonomic}
     bool UseG1GC                                  = true                                      {product} {ergonomic}
     bool UseLargePagesIndividualAllocation        = false                                  {pd product} {ergonomic}

Logging:
Log output configuration:
 #0: stdout all=warning uptime,level,tags foldmultilines=false
 #1: stderr all=off uptime,level,tags foldmultilines=false

Environment Variables:
PATH=C:\Program Files\Common Files\Oracle\Java\javapath;C:\Windows\system32;C:\Windows;C:\Windows\System32\Wbem;C:\Windows\System32\WindowsPowerShell\v1.0\;C:\Windows\System32\OpenSSH\;C:\Program Files\CodeBlocks\MinGW\bin;C:\MinGW\bin;C:\Users\User\AppData\Local\Microsoft\WindowsApps;;C:\Users\User\AppData\Local\Programs\Microsoft VS Code\bin;C:\Program Files (x86)\Brackets\
USERNAME=User
OS=Windows_NT
PROCESSOR_IDENTIFIER=Intel64 Family 6 Model 165 Stepping 3, GenuineIntel
TMP=C:\Users\User\AppData\Local\Temp
TEMP=C:\Users\User\AppData\Local\Temp



---------------  S Y S T E M  ---------------

OS:
 Windows 10 , 64 bit Build 19041 (10.0.19041.2913)
OS uptime: 0 days 3:32 hours

CPU: total 8 (initial active 8) (4 cores per cpu, 2 threads per core) family 6 model 165 stepping 3 microcode 0xea, cx8, cmov, fxsr, ht, mmx, 3dnowpref, sse, sse2, sse3, ssse3, sse4.1, sse4.2, popcnt, lzcnt, tsc, tscinvbit, avx, avx2, aes, erms, clmul, bmi1, bmi2, adx, fma, vzeroupper, clflush, clflushopt, rdtscp

Memory: 4k page, system-wide physical 8089M (1370M free)
TotalPageFile size 22369M (AvailPageFile size 59M)
current process WorkingSet (physical memory assigned to process): 10M, peak: 10M
current process commit charge ("private bytes"): 60M, peak: 188M

vm_info: Java HotSpot(TM) 64-Bit Server VM (19.0.2+7-44) for windows-amd64 JRE (19.0.2+7-44), built on 2022-11-30T18:02:09Z by "mach5one" with MS VC++ 17.1 (VS2022)

END.
